<?xml version="1.0" encoding="UTF-8"?>
<testsuite xmlns:xsi="http://www.w3.org/2001/XMLSchema-instance" xsi:noNamespaceSchemaLocation="https://maven.apache.org/surefire/maven-surefire-plugin/xsd/surefire-test-report.xsd" name="com.example.devapo.githubapi.GithubapiApplicationTests" time="6.451" tests="4" errors="0" skipped="0" failures="0">
  <properties>
[...]
</properties>
  <testcase name="stars_should_be_the_same" classname="com.example.devapo.githubapi.GithubapiApplicationTests" time="0.344"/>
  <testcase name="full_name_should_be_the_same" classname="com.example.devapo.githubapi.GithubapiApplicationTests" time="0.029"/>
  <testcase name="cloneUrl_should_be_the_same" classname="com.example.devapo.githubapi.GithubapiApplicationTests" time="0.021"/>
  <testcase name="description_should_be_the_same" classname="com.example.devapo.githubapi.GithubapiApplicationTests" time="0.01"/>
</testsuite>